<?xml version="1.0" encoding="UTF-8"?>
<testng-results ignored="0" total="1" passed="1" failed="0" skipped="0">
  <reporter-output>
  </reporter-output>
  <suite started-at="2025-08-01T12:01:37 IST" name="Default suite" finished-at="2025-08-01T12:01:59 IST" duration-ms="22171">
    <groups>
    </groups>
    <test started-at="2025-08-01T12:01:37 IST" name="Default test" finished-at="2025-08-01T12:01:59 IST" duration-ms="22171">
      <class name="com.TestAutomation.OrderMgm">
        <test-method is-config="true" signature="setup()[pri:0, instance:com.TestAutomation.OrderMgm@fc258b1]" started-at="2025-08-01T12:01:37 IST" name="setup" finished-at="2025-08-01T12:01:44 IST" duration-ms="7214" status="PASS">
          <reporter-output>
          </reporter-output>
        </test-method> <!-- setup -->
        <test-method signature="SellOrder()[pri:0, instance:com.TestAutomation.OrderMgm@fc258b1]" started-at="2025-08-01T12:01:44 IST" name="SellOrder" finished-at="2025-08-01T12:01:59 IST" duration-ms="14913" status="PASS">
          <reporter-output>
          </reporter-output>
        </test-method> <!-- SellOrder -->
      </class> <!-- com.TestAutomation.OrderMgm -->
    </test> <!-- Default test -->
  </suite> <!-- Default suite -->
</testng-results>
